13:49:15.438 [main] XMLManager.main [25] INFO  - src/main/resources/flight.xml is valid: true
13:49:15.451 [main] XMLManager.main [35] INFO  - Airline{name='KLM Royal Dutch Airlines', code='KLM', flightTypes='[REGULAR, CHARTER]', luggageTariff='LuggageTariff{handLuggagePrice=15.0, registerLuggagePrice=25.0}'}
13:49:15.455 [main] XMLManager.main [40] INFO  - PlaneType{name='Boeing-737'seatsNumber='350'}
13:49:15.458 [main] XMLManager.main [46] INFO  - Airport{name='Charles de Gaulle', city='Paris', country='France', typeName='international'}
13:49:15.458 [main] XMLManager.main [47] INFO  - Airport{name='Heathrow', city='London', country='Great Britain', typeName='international'}
13:49:15.460 [main] XMLManager.main [56] INFO  - Flight{number='0035', departureTime='2023-12-19 12:35:00', arrivalTime='2023-12-19 13:50:00', airline=Airline{name='KLM Royal Dutch Airlines', code='KLM', flightTypes='[REGULAR, CHARTER]', luggageTariff='LuggageTariff{handLuggagePrice=15.0, registerLuggagePrice=25.0}'}}
00:00:40.162 [main] XMLManager.main [28] INFO  - src/main/resources/flight.xml is valid: true
00:16:53.180 [main] XMLManager.main [28] INFO  - src/main/resources/flight.xml is valid: true
00:16:53.271 [main] XMLManager.main [67] INFO  - Flight{number='0035', departureTime='2023-12-19 12:35:00', arrivalTime='2023-12-19 13:50:00', airline=Airline{name='KLM Royal Dutch Airlines', code='KLM', flightTypes='[null, null]', luggageTariff='LuggageTariff{handLuggagePrice=15.0, registerLuggagePrice=25.0}'}}
00:21:38.547 [main] XMLManager.main [28] INFO  - src/main/resources/flight.xml is valid: true
00:21:38.642 [main] XMLManager.main [67] INFO  - Flight{number='0035', departureTime='2023-12-19 12:35:00', arrivalTime='2023-12-19 13:50:00', airline=Airline{name='KLM Royal Dutch Airlines', code='KLM', flightTypes='[null, null]', luggageTariff='LuggageTariff{handLuggagePrice=15.0, registerLuggagePrice=25.0}'}}
00:22:19.870 [main] XMLManager.main [28] INFO  - src/main/resources/flight.xml is valid: true
00:22:19.955 [main] XMLManager.main [67] INFO  - Flight{number='0035', departureTime='2023-12-19 12:35:00', arrivalTime='2023-12-19 13:50:00', airline=Airline{name='KLM Royal Dutch Airlines', code='KLM', flightTypes='[null, null]', luggageTariff='LuggageTariff{handLuggagePrice=15.0, registerLuggagePrice=25.0}'}}
00:22:19.960 [main] XMLManager.main [68] INFO  - Airport{name='Charles de Gaulle', city='Paris', country='France'}
00:22:19.960 [main] XMLManager.main [69] INFO  - Airport{name='Heathrow', city='London', country='Great Britain'}
00:23:41.680 [main] XMLManager.main [28] INFO  - src/main/resources/flight.xml is valid: true
00:23:41.766 [main] XMLManager.main [67] INFO  - Flight{number='0035', departureTime='2023-12-19 12:35:00', arrivalTime='2023-12-19 13:50:00', airline=Airline{name='KLM Royal Dutch Airlines', code='KLM', flightTypes='[null, null]', luggageTariff='LuggageTariff{handLuggagePrice=15.0, registerLuggagePrice=25.0}'}}
00:23:41.769 [main] XMLManager.main [70] INFO  - PlaneType{name='Boeing-737'seatsNumber='350'}
10:36:29.764 [main] XMLManager.main [28] INFO  - src/main/resources/flight.xml is valid: true
10:36:29.868 [main] XMLManager.main [67] INFO  - Flight{number='0035', departureTime='2023-12-19 12:35:00', arrivalTime='2023-12-19 13:50:00', airline=Airline{name='KLM Royal Dutch Airlines', code='KLM', flightTypes='[null, null]', luggageTariff='LuggageTariff{handLuggagePrice=15.0, registerLuggagePrice=25.0}'}}
10:38:42.689 [main] XMLManager.main [28] INFO  - src/main/resources/flight.xml is valid: true
10:41:48.692 [main] XMLManager.main [68] INFO  - Flight{number='0035', departureTime='2023-12-19 12:35:00', arrivalTime='2023-12-19 13:50:00', airline=Airline{name='KLM Royal Dutch Airlines', code='KLM', flightTypes='[null, null]', luggageTariff='LuggageTariff{handLuggagePrice=15.0, registerLuggagePrice=25.0}'}}
10:42:10.752 [main] XMLManager.main [28] INFO  - src/main/resources/flight.xml is valid: true
10:42:10.840 [main] XMLManager.main [68] INFO  - Flight{number='0035', departureTime='2023-12-19 12:35:00', arrivalTime='2023-12-19 13:50:00', airline=Airline{name='KLM Royal Dutch Airlines', code='KLM', flightTypes='[null, null]', luggageTariff='LuggageTariff{handLuggagePrice=15.0, registerLuggagePrice=25.0}'}}
10:42:10.840 [main] XMLManager.main [69] INFO  - Departure airport: Airport{name='Charles de Gaulle', city='Paris', country='France', typeName='international'}
10:42:10.841 [main] XMLManager.main [70] INFO  - Arrival airport: Airport{name='Heathrow', city='London', country='Great Britain', typeName='international'}
10:42:10.842 [main] XMLManager.main [71] INFO  - PlaneType{name='Boeing-737'seatsNumber='350'}
10:45:36.293 [main] XMLManager.main [28] INFO  - src/main/resources/flight.xml is valid: true
10:45:36.401 [main] XMLManager.main [68] INFO  - Flight{number='0035', departureTime='2023-12-19 12:35:00', arrivalTime='2023-12-19 13:50:00', airline=Airline{name='KLM Royal Dutch Airlines', code='KLM', flightTypes='[]', luggageTariff='LuggageTariff{handLuggagePrice=15.0, registerLuggagePrice=25.0}'}}
10:45:36.401 [main] XMLManager.main [69] INFO  - Departure airport: Airport{name='Charles de Gaulle', city='Paris', country='France', typeName='international'}
10:45:36.401 [main] XMLManager.main [70] INFO  - Arrival airport: Airport{name='Heathrow', city='London', country='Great Britain', typeName='international'}
10:45:36.403 [main] XMLManager.main [71] INFO  - PlaneType{name='Boeing-737'seatsNumber='350'}
10:46:44.270 [main] XMLManager.main [28] INFO  - src/main/resources/flight.xml is valid: true
10:46:44.363 [main] XMLManager.main [68] INFO  - Flight{number='0035', departureTime='2023-12-19 12:35:00', arrivalTime='2023-12-19 13:50:00', airline=Airline{name='KLM Royal Dutch Airlines', code='KLM', flightTypes='[]', luggageTariff='LuggageTariff{handLuggagePrice=15.0, registerLuggagePrice=25.0}'}}
10:46:44.364 [main] XMLManager.main [69] INFO  - Departure airport: Airport{name='Charles de Gaulle', city='Paris', country='France', typeName='international'}
10:46:44.364 [main] XMLManager.main [70] INFO  - Arrival airport: Airport{name='Heathrow', city='London', country='Great Britain', typeName='international'}
10:46:44.367 [main] XMLManager.main [71] INFO  - PlaneType{name='Boeing-737'seatsNumber='350'}
10:47:16.769 [main] XMLManager.main [28] INFO  - src/main/resources/flight.xml is valid: true
10:47:16.858 [main] XMLManager.main [68] INFO  - Flight{number='0035', departureTime='2023-12-19 12:35:00', arrivalTime='2023-12-19 13:50:00', airline=Airline{name='KLM Royal Dutch Airlines', code='KLM', flightTypes='[]', luggageTariff='LuggageTariff{handLuggagePrice=15.0, registerLuggagePrice=25.0}'}}
10:47:16.858 [main] XMLManager.main [69] INFO  - Departure airport: Airport{name='Charles de Gaulle', city='Paris', country='France', typeName='international'}
10:47:16.858 [main] XMLManager.main [70] INFO  - Arrival airport: Airport{name='Heathrow', city='London', country='Great Britain', typeName='international'}
10:47:16.861 [main] XMLManager.main [71] INFO  - PlaneType{name='Boeing-737'seatsNumber='350'}
11:07:13.186 [main] XMLManager.main [28] INFO  - src/main/resources/flight.xml is valid: true
11:07:34.427 [main] XMLManager.main [28] INFO  - src/main/resources/flight.xml is valid: true
11:07:34.533 [main] XMLManager.main [67] INFO  - Flight{number='0035', departureTime='2023-12-19 12:35:00', arrivalTime='2023-12-19 13:50:00', airline=Airline{name='KLM Royal Dutch Airlines', code='KLM', flightTypes='[]', luggageTariff='LuggageTariff{handLuggagePrice=15.0, registerLuggagePrice=25.0}'}}
11:07:34.534 [main] XMLManager.main [68] INFO  - Departure airport: Airport{name='Charles de Gaulle', city='Paris', country='France', typeName='international'}
11:07:34.536 [main] XMLManager.main [69] INFO  - Arrival airport: Airport{name='Heathrow', city='London', country='Great Britain', typeName='international'}
11:07:34.539 [main] XMLManager.main [70] INFO  - PlaneType{name='Boeing-737'seatsNumber='350'}
11:08:48.440 [main] XMLManager.main [28] INFO  - src/main/resources/flight.xml is valid: true
11:08:48.572 [main] XMLManager.main [67] INFO  - Flight{number='0035', departureTime='2023-12-19 12:35:00', arrivalTime='2023-12-19 13:50:00', airline=Airline{name='KLM Royal Dutch Airlines', code='KLM', flightTypes='[]', luggageTariff='LuggageTariff{handLuggagePrice=15.0, registerLuggagePrice=25.0}'}}
11:08:48.573 [main] XMLManager.main [68] INFO  - Departure airport: Airport{name='Charles de Gaulle', city='Paris', country='France', typeName='international'}
11:08:48.573 [main] XMLManager.main [69] INFO  - Arrival airport: Airport{name='Heathrow', city='London', country='Great Britain', typeName='international'}
11:08:48.577 [main] XMLManager.main [70] INFO  - PlaneType{name='Boeing-737'seatsNumber='350'}
11:09:15.420 [main] XMLManager.main [28] INFO  - src/main/resources/flight.xml is valid: true
11:09:15.521 [main] XMLManager.main [67] INFO  - Flight{number='0035', departureTime='2023-12-19 12:35:00', arrivalTime='2023-12-19 13:50:00', airline=Airline{name='KLM Royal Dutch Airlines', code='KLM', flightTypes='[null, null]', luggageTariff='LuggageTariff{handLuggagePrice=15.0, registerLuggagePrice=25.0}'}}
11:09:15.522 [main] XMLManager.main [68] INFO  - Departure airport: Airport{name='Charles de Gaulle', city='Paris', country='France', typeName='international'}
11:09:15.522 [main] XMLManager.main [69] INFO  - Arrival airport: Airport{name='Heathrow', city='London', country='Great Britain', typeName='international'}
11:09:15.525 [main] XMLManager.main [70] INFO  - PlaneType{name='Boeing-737'seatsNumber='350'}
11:09:30.460 [main] XMLManager.main [28] INFO  - src/main/resources/flight.xml is valid: true
11:09:30.568 [main] XMLManager.main [67] INFO  - Flight{number='0035', departureTime='2023-12-19 12:35:00', arrivalTime='2023-12-19 13:50:00', airline=Airline{name='KLM Royal Dutch Airlines', code='KLM', flightTypes='[]', luggageTariff='LuggageTariff{handLuggagePrice=15.0, registerLuggagePrice=25.0}'}}
11:09:30.568 [main] XMLManager.main [68] INFO  - Departure airport: Airport{name='Charles de Gaulle', city='Paris', country='France', typeName='international'}
11:09:30.568 [main] XMLManager.main [69] INFO  - Arrival airport: Airport{name='Heathrow', city='London', country='Great Britain', typeName='international'}
11:09:30.571 [main] XMLManager.main [70] INFO  - PlaneType{name='Boeing-737'seatsNumber='350'}
11:09:54.298 [main] XMLManager.main [28] INFO  - src/main/resources/flight.xml is valid: true
11:09:54.408 [main] XMLManager.main [67] INFO  - Flight{number='0035', departureTime='2023-12-19 12:35:00', arrivalTime='2023-12-19 13:50:00', airline=Airline{name='KLM Royal Dutch Airlines', code='KLM', flightTypes='[]', luggageTariff='LuggageTariff{handLuggagePrice=15.0, registerLuggagePrice=25.0}'}}
11:09:54.409 [main] XMLManager.main [68] INFO  - Departure airport: Airport{name='Charles de Gaulle', city='Paris', country='France', typeName='international'}
11:09:54.409 [main] XMLManager.main [69] INFO  - Arrival airport: Airport{name='Heathrow', city='London', country='Great Britain', typeName='international'}
11:09:54.413 [main] XMLManager.main [70] INFO  - PlaneType{name='Boeing-737'seatsNumber='350'}
11:39:13.277 [main] XMLManager.main [28] INFO  - src/main/resources/flight.xml is valid: true
11:41:46.644 [main] XMLManager.main [28] INFO  - src/main/resources/flight.xml is valid: true
11:41:46.731 [main] XMLManager.main [67] INFO  - Flight{number='0035', departureTime='2023-12-19 12:35:00', arrivalTime='2023-12-19 13:50:00', airline=Airline{name='KLM Royal Dutch Airlines', code='KLM', flightTypes='[]', luggageTariff='LuggageTariff{handLuggagePrice=15.0, registerLuggagePrice=25.0}'}}
11:41:46.732 [main] XMLManager.main [68] INFO  - Departure airport: Airport{name='Charles de Gaulle', city='Paris', country='France', typeName='international'}
11:41:46.732 [main] XMLManager.main [69] INFO  - Arrival airport: Airport{name='Heathrow', city='London', country='Great Britain', typeName='international'}
11:41:46.734 [main] XMLManager.main [70] INFO  - PlaneType{name='Boeing-737'seatsNumber='350'}
11:57:13.353 [main] XMLManager.main [28] INFO  - src/main/resources/flight.xml is valid: true
11:57:58.550 [main] XMLManager.main [28] INFO  - src/main/resources/flight.xml is valid: true
12:00:36.729 [main] XMLManager.main [28] INFO  - src/main/resources/flight.xml is valid: true
12:00:36.817 [main] XMLManager.main [67] INFO  - Flight{number='0035', departureTime='2023-12-19 12:35:00', arrivalTime='2023-12-19 13:50:00', airline=Airline{name='KLM Royal Dutch Airlines', code='KLM', flightTypes='[]', luggageTariff='LuggageTariff{handLuggagePrice=15.0, registerLuggagePrice=25.0}'}}
12:00:36.817 [main] XMLManager.main [68] INFO  - Departure airport: Airport{name='Charles de Gaulle', city='Paris', country='France', typeName='international'}
12:00:36.818 [main] XMLManager.main [69] INFO  - Arrival airport: Airport{name='Heathrow', city='London', country='Great Britain', typeName='international'}
12:00:36.820 [main] XMLManager.main [70] INFO  - PlaneType{name='Boeing-737'seatsNumber='350'}
